{"level":"info","message":{}}
{"level":"info","message":"Starting a mysql pool with 17 connections.","target":"quaint::pooled","timestamp":"2023-07-23T02:12:13.527Z"}
{"level":"info","message":{"duration":0,"params":"[]","query":"BEGIN","target":"quaint::connector::metrics","timestamp":"2023-07-23T02:12:13.538Z"}}
{"level":"info","message":{"duration":0,"params":"[\"kukuh\",\"$2b$10$MJhiD66gXMFVbwiIFaUIk.92nxkWEyaGInnlbCFjrEET7LwxsJKWW\",\"dfs\"]","query":"INSERT INTO `pzn-nodejs-restful-api`.`users` (`username`,`password`,`name`) VALUES (?,?,?)","target":"quaint::connector::metrics","timestamp":"2023-07-23T02:12:13.540Z"}}
{"level":"info","message":{"duration":0,"params":"[\"kukuh\",1,0]","query":"SELECT `pzn-nodejs-restful-api`.`users`.`username`, `pzn-nodejs-restful-api`.`users`.`name` FROM `pzn-nodejs-restful-api`.`users` WHERE `pzn-nodejs-restful-api`.`users`.`username` = ? LIMIT ? OFFSET ?","target":"quaint::connector::metrics","timestamp":"2023-07-23T02:12:13.541Z"}}
{"level":"info","message":{"duration":2,"params":"[]","query":"COMMIT","target":"quaint::connector::metrics","timestamp":"2023-07-23T02:12:13.544Z"}}
{"level":"info","message":"OKE11111"}
{"level":"info","message":{"data":{"name":"dfs","username":"kukuh"}}}
{"level":"info","message":{}}
{"level":"info","message":{"duration":0,"params":"[]","query":"BEGIN","target":"quaint::connector::metrics","timestamp":"2023-07-23T02:12:13.648Z"}}
{"level":"info","message":{"duration":11,"params":"[\"kukuh\",\"$2b$10$F3AcN8EnWjmYN8dlSC//Zuogg8Ao3LbPt0xG9wZ75JI1RD1QamRh2\",\"dfs\"]","query":"INSERT INTO `pzn-nodejs-restful-api`.`users` (`username`,`password`,`name`) VALUES (?,?,?)","target":"quaint::connector::metrics","timestamp":"2023-07-23T02:12:13.659Z"}}
{"level":"info","message":{"duration":0,"params":"[]","query":"ROLLBACK","target":"quaint::connector::metrics","timestamp":"2023-07-23T02:12:13.659Z"}}
{"level":"error","message":"\nInvalid `prismaClient.user.create()` invocation in\n/Users/widhiastokukuhprakoso/Documents/learnspace/service/pzn-nodejs-restful-api/src/service/user-service.js:23:30\n\n  20 \n  21 user.password = await bcrypt.hash(user.password, 10);\n  22 \n→ 23 return prismaClient.user.create(\nUnique constraint failed on the constraint: `PRIMARY`","target":"user.create","timestamp":"2023-07-23T02:12:13.675Z"}
{"level":"info","message":"OKE222222"}
{"level":"info","message":{"errors":"\nInvalid `prismaClient.user.create()` invocation in\n/Users/widhiastokukuhprakoso/Documents/learnspace/service/pzn-nodejs-restful-api/src/service/user-service.js:23:30\n\n  20 \n  21 user.password = await bcrypt.hash(user.password, 10);\n  22 \n→ 23 return prismaClient.user.create(\nUnique constraint failed on the constraint: `PRIMARY`"}}
{"level":"info","message":{"duration":0,"params":"[]","query":"BEGIN","target":"quaint::connector::metrics","timestamp":"2023-07-23T02:12:13.680Z"}}
{"level":"info","message":{"duration":0,"params":"[\"kukuh\"]","query":"SELECT `pzn-nodejs-restful-api`.`users`.`username` FROM `pzn-nodejs-restful-api`.`users` WHERE `pzn-nodejs-restful-api`.`users`.`username` = ?","target":"quaint::connector::metrics","timestamp":"2023-07-23T02:12:13.680Z"}}
{"level":"info","message":{"duration":0,"params":"[\"kukuh\"]","query":"SELECT `pzn-nodejs-restful-api`.`users`.`username` FROM `pzn-nodejs-restful-api`.`users` WHERE `pzn-nodejs-restful-api`.`users`.`username` = ?","target":"quaint::connector::metrics","timestamp":"2023-07-23T02:12:13.680Z"}}
{"level":"info","message":{"duration":1,"params":"[\"kukuh\",\"kukuh\"]","query":"DELETE FROM `pzn-nodejs-restful-api`.`users` WHERE (`pzn-nodejs-restful-api`.`users`.`username` IN (?) AND `pzn-nodejs-restful-api`.`users`.`username` = ?)","target":"quaint::connector::metrics","timestamp":"2023-07-23T02:12:13.683Z"}}
{"level":"info","message":{"duration":0,"params":"[]","query":"COMMIT","target":"quaint::connector::metrics","timestamp":"2023-07-23T02:12:13.683Z"}}
{"level":"info","message":"count :[object PrismaPromise]"}
{"level":"info","message":"Starting a mysql pool with 17 connections.","target":"quaint::pooled","timestamp":"2023-07-23T02:15:27.405Z"}
{"level":"info","message":{"duration":2,"params":"[]","query":"BEGIN","target":"quaint::connector::metrics","timestamp":"2023-07-23T02:15:27.421Z"}}
{"level":"info","message":{"duration":0,"params":"[\"kukuh\",\"$2b$10$u/5PlPr/WwwrW0ygeGRMZ.1xuE55XfuuDuAzrgkYpxmO3mozQxcV2\",\"dfs\"]","query":"INSERT INTO `pzn-nodejs-restful-api`.`users` (`username`,`password`,`name`) VALUES (?,?,?)","target":"quaint::connector::metrics","timestamp":"2023-07-23T02:15:27.424Z"}}
{"level":"info","message":{"duration":0,"params":"[\"kukuh\",1,0]","query":"SELECT `pzn-nodejs-restful-api`.`users`.`username`, `pzn-nodejs-restful-api`.`users`.`name` FROM `pzn-nodejs-restful-api`.`users` WHERE `pzn-nodejs-restful-api`.`users`.`username` = ? LIMIT ? OFFSET ?","target":"quaint::connector::metrics","timestamp":"2023-07-23T02:15:27.425Z"}}
{"level":"info","message":{"duration":2,"params":"[]","query":"COMMIT","target":"quaint::connector::metrics","timestamp":"2023-07-23T02:15:27.428Z"}}
{"level":"info","message":"OKE11111"}
{"level":"info","message":{"data":{"name":"dfs","username":"kukuh"}}}
{"level":"info","message":"count :[object PrismaPromise]"}
{"level":"info","message":{"duration":0,"params":"[]","query":"BEGIN","target":"quaint::connector::metrics","timestamp":"2023-07-23T02:15:27.530Z"}}
{"level":"info","message":{"duration":0,"params":"[\"kukuh\",\"$2b$10$a9vPmvZHf2VZSvmYluMowekcLbHSXX8s.f8KIQxqRefllyDopHBK2\",\"dfs\"]","query":"INSERT INTO `pzn-nodejs-restful-api`.`users` (`username`,`password`,`name`) VALUES (?,?,?)","target":"quaint::connector::metrics","timestamp":"2023-07-23T02:15:27.530Z"}}
{"level":"info","message":{"duration":0,"params":"[]","query":"ROLLBACK","target":"quaint::connector::metrics","timestamp":"2023-07-23T02:15:27.531Z"}}
{"level":"error","message":"\nInvalid `prismaClient.user.create()` invocation in\n/Users/widhiastokukuhprakoso/Documents/learnspace/service/pzn-nodejs-restful-api/src/service/user-service.js:23:30\n\n  20 \n  21 user.password = await bcrypt.hash(user.password, 10);\n  22 \n→ 23 return prismaClient.user.create(\nUnique constraint failed on the constraint: `PRIMARY`","target":"user.create","timestamp":"2023-07-23T02:15:27.546Z"}
{"level":"info","message":"OKE222222"}
{"level":"info","message":{"errors":"\nInvalid `prismaClient.user.create()` invocation in\n/Users/widhiastokukuhprakoso/Documents/learnspace/service/pzn-nodejs-restful-api/src/service/user-service.js:23:30\n\n  20 \n  21 user.password = await bcrypt.hash(user.password, 10);\n  22 \n→ 23 return prismaClient.user.create(\nUnique constraint failed on the constraint: `PRIMARY`"}}
{"level":"info","message":{"duration":0,"params":"[]","query":"BEGIN","target":"quaint::connector::metrics","timestamp":"2023-07-23T02:15:27.551Z"}}
{"level":"info","message":{"duration":11,"params":"[\"kukuh\"]","query":"SELECT `pzn-nodejs-restful-api`.`users`.`username` FROM `pzn-nodejs-restful-api`.`users` WHERE `pzn-nodejs-restful-api`.`users`.`username` = ?","target":"quaint::connector::metrics","timestamp":"2023-07-23T02:15:27.563Z"}}
{"level":"info","message":{"duration":0,"params":"[\"kukuh\"]","query":"SELECT `pzn-nodejs-restful-api`.`users`.`username` FROM `pzn-nodejs-restful-api`.`users` WHERE `pzn-nodejs-restful-api`.`users`.`username` = ?","target":"quaint::connector::metrics","timestamp":"2023-07-23T02:15:27.563Z"}}
{"level":"info","message":{"duration":3,"params":"[\"kukuh\",\"kukuh\"]","query":"DELETE FROM `pzn-nodejs-restful-api`.`users` WHERE (`pzn-nodejs-restful-api`.`users`.`username` IN (?) AND `pzn-nodejs-restful-api`.`users`.`username` = ?)","target":"quaint::connector::metrics","timestamp":"2023-07-23T02:15:27.567Z"}}
{"level":"info","message":{"duration":4,"params":"[]","query":"COMMIT","target":"quaint::connector::metrics","timestamp":"2023-07-23T02:15:27.571Z"}}
{"level":"info","message":"Starting a mysql pool with 17 connections.","target":"quaint::pooled","timestamp":"2023-07-23T02:16:34.316Z"}
{"level":"info","message":{"duration":4,"params":"[\"kukuh\"]","query":"SELECT COUNT(*) FROM (SELECT `pzn-nodejs-restful-api`.`users`.`username` FROM `pzn-nodejs-restful-api`.`users` WHERE `pzn-nodejs-restful-api`.`users`.`username` = ?) AS `sub`","target":"quaint::connector::metrics","timestamp":"2023-07-23T02:16:34.347Z"}}
{"level":"info","message":"count :0"}
{"level":"info","message":{"duration":0,"params":"[]","query":"BEGIN","target":"quaint::connector::metrics","timestamp":"2023-07-23T02:16:34.441Z"}}
{"level":"info","message":{"duration":1,"params":"[\"kukuh\",\"$2b$10$dGobnGgQmDKb1aAAvdUf3OOH5n8/Gw6HHNkF2P1aVLL6EkygwUukC\",\"dfs\"]","query":"INSERT INTO `pzn-nodejs-restful-api`.`users` (`username`,`password`,`name`) VALUES (?,?,?)","target":"quaint::connector::metrics","timestamp":"2023-07-23T02:16:34.444Z"}}
{"level":"info","message":{"duration":0,"params":"[\"kukuh\",1,0]","query":"SELECT `pzn-nodejs-restful-api`.`users`.`username`, `pzn-nodejs-restful-api`.`users`.`name` FROM `pzn-nodejs-restful-api`.`users` WHERE `pzn-nodejs-restful-api`.`users`.`username` = ? LIMIT ? OFFSET ?","target":"quaint::connector::metrics","timestamp":"2023-07-23T02:16:34.444Z"}}
{"level":"info","message":{"duration":1,"params":"[]","query":"COMMIT","target":"quaint::connector::metrics","timestamp":"2023-07-23T02:16:34.451Z"}}
{"level":"info","message":"OKE11111"}
{"level":"info","message":{"data":{"name":"dfs","username":"kukuh"}}}
{"level":"info","message":{"duration":0,"params":"[\"kukuh\"]","query":"SELECT COUNT(*) FROM (SELECT `pzn-nodejs-restful-api`.`users`.`username` FROM `pzn-nodejs-restful-api`.`users` WHERE `pzn-nodejs-restful-api`.`users`.`username` = ?) AS `sub`","target":"quaint::connector::metrics","timestamp":"2023-07-23T02:16:34.458Z"}}
{"level":"info","message":"count :1"}
{"level":"info","message":"OKE222222"}
{"level":"info","message":{"errors":"Username already exist"}}
{"level":"info","message":{"duration":0,"params":"[]","query":"BEGIN","target":"quaint::connector::metrics","timestamp":"2023-07-23T02:16:34.462Z"}}
{"level":"info","message":{"duration":0,"params":"[\"kukuh\"]","query":"SELECT `pzn-nodejs-restful-api`.`users`.`username` FROM `pzn-nodejs-restful-api`.`users` WHERE `pzn-nodejs-restful-api`.`users`.`username` = ?","target":"quaint::connector::metrics","timestamp":"2023-07-23T02:16:34.462Z"}}
{"level":"info","message":{"duration":0,"params":"[\"kukuh\"]","query":"SELECT `pzn-nodejs-restful-api`.`users`.`username` FROM `pzn-nodejs-restful-api`.`users` WHERE `pzn-nodejs-restful-api`.`users`.`username` = ?","target":"quaint::connector::metrics","timestamp":"2023-07-23T02:16:34.462Z"}}
{"level":"info","message":{"duration":0,"params":"[\"kukuh\",\"kukuh\"]","query":"DELETE FROM `pzn-nodejs-restful-api`.`users` WHERE (`pzn-nodejs-restful-api`.`users`.`username` IN (?) AND `pzn-nodejs-restful-api`.`users`.`username` = ?)","target":"quaint::connector::metrics","timestamp":"2023-07-23T02:16:34.463Z"}}
{"level":"info","message":{"duration":0,"params":"[]","query":"COMMIT","target":"quaint::connector::metrics","timestamp":"2023-07-23T02:16:34.463Z"}}
{"level":"info","message":"Starting a mysql pool with 17 connections.","target":"quaint::pooled","timestamp":"2023-07-23T02:17:24.254Z"}
{"level":"info","message":{"duration":1,"params":"[\"kukuh\"]","query":"SELECT COUNT(*) FROM (SELECT `pzn-nodejs-restful-api`.`users`.`username` FROM `pzn-nodejs-restful-api`.`users` WHERE `pzn-nodejs-restful-api`.`users`.`username` = ?) AS `sub`","target":"quaint::connector::metrics","timestamp":"2023-07-23T02:17:24.269Z"}}
{"level":"info","message":{"duration":0,"params":"[]","query":"BEGIN","target":"quaint::connector::metrics","timestamp":"2023-07-23T02:17:24.363Z"}}
{"level":"info","message":{"duration":0,"params":"[\"kukuh\",\"$2b$10$nLQtsHAEMZhLE2TCX5tNl.4QGVd7I1dG5L7GU89vr4Csv1r.XFaTG\",\"dfs\"]","query":"INSERT INTO `pzn-nodejs-restful-api`.`users` (`username`,`password`,`name`) VALUES (?,?,?)","target":"quaint::connector::metrics","timestamp":"2023-07-23T02:17:24.364Z"}}
{"level":"info","message":{"duration":0,"params":"[\"kukuh\",1,0]","query":"SELECT `pzn-nodejs-restful-api`.`users`.`username`, `pzn-nodejs-restful-api`.`users`.`name` FROM `pzn-nodejs-restful-api`.`users` WHERE `pzn-nodejs-restful-api`.`users`.`username` = ? LIMIT ? OFFSET ?","target":"quaint::connector::metrics","timestamp":"2023-07-23T02:17:24.364Z"}}
{"level":"info","message":{"duration":2,"params":"[]","query":"COMMIT","target":"quaint::connector::metrics","timestamp":"2023-07-23T02:17:24.367Z"}}
{"level":"info","message":{"duration":0,"params":"[]","query":"BEGIN","target":"quaint::connector::metrics","timestamp":"2023-07-23T02:17:24.377Z"}}
{"level":"info","message":{"duration":0,"params":"[\"kukuh\"]","query":"SELECT `pzn-nodejs-restful-api`.`users`.`username` FROM `pzn-nodejs-restful-api`.`users` WHERE `pzn-nodejs-restful-api`.`users`.`username` = ?","target":"quaint::connector::metrics","timestamp":"2023-07-23T02:17:24.377Z"}}
{"level":"info","message":{"duration":0,"params":"[\"kukuh\"]","query":"SELECT `pzn-nodejs-restful-api`.`users`.`username` FROM `pzn-nodejs-restful-api`.`users` WHERE `pzn-nodejs-restful-api`.`users`.`username` = ?","target":"quaint::connector::metrics","timestamp":"2023-07-23T02:17:24.377Z"}}
{"level":"info","message":{"duration":0,"params":"[\"kukuh\",\"kukuh\"]","query":"DELETE FROM `pzn-nodejs-restful-api`.`users` WHERE (`pzn-nodejs-restful-api`.`users`.`username` IN (?) AND `pzn-nodejs-restful-api`.`users`.`username` = ?)","target":"quaint::connector::metrics","timestamp":"2023-07-23T02:17:24.378Z"}}
{"level":"info","message":{"duration":0,"params":"[]","query":"COMMIT","target":"quaint::connector::metrics","timestamp":"2023-07-23T02:17:24.379Z"}}
{"level":"info","message":{"duration":0,"params":"[]","query":"BEGIN","target":"quaint::connector::metrics","timestamp":"2023-07-23T02:17:24.385Z"}}
{"level":"info","message":{"duration":0,"params":"[\"kukuh\"]","query":"SELECT `pzn-nodejs-restful-api`.`users`.`username` FROM `pzn-nodejs-restful-api`.`users` WHERE `pzn-nodejs-restful-api`.`users`.`username` = ?","target":"quaint::connector::metrics","timestamp":"2023-07-23T02:17:24.385Z"}}
{"level":"info","message":{"duration":0,"params":"[\"kukuh\"]","query":"SELECT `pzn-nodejs-restful-api`.`users`.`username` FROM `pzn-nodejs-restful-api`.`users` WHERE `pzn-nodejs-restful-api`.`users`.`username` = ?","target":"quaint::connector::metrics","timestamp":"2023-07-23T02:17:24.385Z"}}
{"level":"info","message":{"duration":0,"params":"[]","query":"COMMIT","target":"quaint::connector::metrics","timestamp":"2023-07-23T02:17:24.385Z"}}
{"level":"info","message":{"duration":0,"params":"[\"kukuh\"]","query":"SELECT COUNT(*) FROM (SELECT `pzn-nodejs-restful-api`.`users`.`username` FROM `pzn-nodejs-restful-api`.`users` WHERE `pzn-nodejs-restful-api`.`users`.`username` = ?) AS `sub`","target":"quaint::connector::metrics","timestamp":"2023-07-23T02:17:24.388Z"}}
{"level":"info","message":{"duration":0,"params":"[]","query":"BEGIN","target":"quaint::connector::metrics","timestamp":"2023-07-23T02:17:24.480Z"}}
{"level":"info","message":{"duration":0,"params":"[\"kukuh\",\"$2b$10$V.FSTFQP3DblcV6BfKEFL.O6IriW9bF2hjRhXGs7QvVdNS7q0vVFW\",\"dfs\"]","query":"INSERT INTO `pzn-nodejs-restful-api`.`users` (`username`,`password`,`name`) VALUES (?,?,?)","target":"quaint::connector::metrics","timestamp":"2023-07-23T02:17:24.480Z"}}
{"level":"info","message":{"duration":0,"params":"[\"kukuh\",1,0]","query":"SELECT `pzn-nodejs-restful-api`.`users`.`username`, `pzn-nodejs-restful-api`.`users`.`name` FROM `pzn-nodejs-restful-api`.`users` WHERE `pzn-nodejs-restful-api`.`users`.`username` = ? LIMIT ? OFFSET ?","target":"quaint::connector::metrics","timestamp":"2023-07-23T02:17:24.480Z"}}
{"level":"info","message":{"duration":0,"params":"[]","query":"COMMIT","target":"quaint::connector::metrics","timestamp":"2023-07-23T02:17:24.481Z"}}
{"level":"info","message":{"data":{"name":"dfs","username":"kukuh"}}}
{"level":"info","message":{"duration":0,"params":"[\"kukuh\"]","query":"SELECT COUNT(*) FROM (SELECT `pzn-nodejs-restful-api`.`users`.`username` FROM `pzn-nodejs-restful-api`.`users` WHERE `pzn-nodejs-restful-api`.`users`.`username` = ?) AS `sub`","target":"quaint::connector::metrics","timestamp":"2023-07-23T02:17:24.485Z"}}
{"level":"info","message":{"errors":"Username already exist"}}
{"level":"info","message":{"duration":0,"params":"[]","query":"BEGIN","target":"quaint::connector::metrics","timestamp":"2023-07-23T02:17:24.487Z"}}
{"level":"info","message":{"duration":0,"params":"[\"kukuh\"]","query":"SELECT `pzn-nodejs-restful-api`.`users`.`username` FROM `pzn-nodejs-restful-api`.`users` WHERE `pzn-nodejs-restful-api`.`users`.`username` = ?","target":"quaint::connector::metrics","timestamp":"2023-07-23T02:17:24.487Z"}}
{"level":"info","message":{"duration":0,"params":"[\"kukuh\"]","query":"SELECT `pzn-nodejs-restful-api`.`users`.`username` FROM `pzn-nodejs-restful-api`.`users` WHERE `pzn-nodejs-restful-api`.`users`.`username` = ?","target":"quaint::connector::metrics","timestamp":"2023-07-23T02:17:24.487Z"}}
{"level":"info","message":{"duration":11,"params":"[\"kukuh\",\"kukuh\"]","query":"DELETE FROM `pzn-nodejs-restful-api`.`users` WHERE (`pzn-nodejs-restful-api`.`users`.`username` IN (?) AND `pzn-nodejs-restful-api`.`users`.`username` = ?)","target":"quaint::connector::metrics","timestamp":"2023-07-23T02:17:24.499Z"}}
{"level":"info","message":{"duration":0,"params":"[]","query":"COMMIT","target":"quaint::connector::metrics","timestamp":"2023-07-23T02:17:24.499Z"}}
